Flow report for DE0_TOP
Thu May 18 00:47:35 2023
Quartus II 64-Bit Version 13.0.1 Build 232 06/12/2013 Service Pack 1 SJ Full Version


---------------------
; Table of Contents ;
---------------------
  1. Legal Notice
  2. Flow Summary
  3. Flow Settings
  4. Flow Non-Default Global Settings
  5. Flow Elapsed Time
  6. Flow OS Summary
  7. Flow Log
  8. Flow Messages
  9. Flow Suppressed Messages



----------------
; Legal Notice ;
----------------
Copyright (C) 1991-2013 Altera Corporation
Your use of Altera Corporation's design tools, logic functions 
and other software and tools, and its AMPP partner logic 
functions, and any output files from any of the foregoing 
(including device programming or simulation files), and any 
associated documentation or information are expressly subject 
to the terms and conditions of the Altera Program License 
Subscription Agreement, Altera MegaCore Function License 
Agreement, or other applicable license agreement, including, 
without limitation, that your use is for the sole purpose of 
programming logic devices manufactured by Altera and sold by 
Altera or its authorized distributors.  Please refer to the 
applicable agreement for further details.



+---------------------------------------------------------------------------------------+
; Flow Summary                                                                          ;
+------------------------------------+--------------------------------------------------+
; Flow Status                        ; Successful - Thu May 18 00:47:30 2023            ;
; Quartus II 64-Bit Version          ; 13.0.1 Build 232 06/12/2013 SP 1 SJ Full Version ;
; Revision Name                      ; DE0_TOP                                          ;
; Top-level Entity Name              ; DE0_TOP                                          ;
; Family                             ; Cyclone III                                      ;
; Device                             ; EP3C16F484C6                                     ;
; Timing Models                      ; Final                                            ;
; Total logic elements               ; 6,116 / 15,408 ( 40 % )                          ;
;     Total combinational functions  ; 4,938 / 15,408 ( 32 % )                          ;
;     Dedicated logic registers      ; 4,131 / 15,408 ( 27 % )                          ;
; Total registers                    ; 4199                                             ;
; Total pins                         ; 252 / 347 ( 73 % )                               ;
; Total virtual pins                 ; 0                                                ;
; Total memory bits                  ; 16,640 / 516,096 ( 3 % )                         ;
; Embedded Multiplier 9-bit elements ; 0 / 112 ( 0 % )                                  ;
; Total PLLs                         ; 1 / 4 ( 25 % )                                   ;
+------------------------------------+--------------------------------------------------+


+-----------------------------------------+
; Flow Settings                           ;
+-------------------+---------------------+
; Option            ; Setting             ;
+-------------------+---------------------+
; Start date & time ; 05/16/2023 13:02:33 ;
; Main task         ; Compilation         ;
; Revision Name     ; DE0_TOP             ;
+-------------------+---------------------+


+-----------------------------------------------------------------------------------------------------------------------------------------------------+
; Flow Non-Default Global Settings                                                                                                                    ;
+-------------------------------------+--------------------------------------------------------------------+---------------+-------------+------------+
; Assignment Name                     ; Value                                                              ; Default Value ; Entity Name ; Section Id ;
+-------------------------------------+--------------------------------------------------------------------+---------------+-------------+------------+
; COMPILER_SIGNATURE_ID               ; 9447197693802.168421335306992                                      ; --            ; --          ; --         ;
; ENABLE_ADVANCED_IO_TIMING           ; On                                                                 ; --            ; --          ; --         ;
; ENABLE_SIGNALTAP                    ; On                                                                 ; --            ; --          ; --         ;
; MAX_CORE_JUNCTION_TEMP              ; 85                                                                 ; --            ; --          ; --         ;
; MIN_CORE_JUNCTION_TEMP              ; 0                                                                  ; --            ; --          ; --         ;
; MISC_FILE                           ; D:/TERASIC_TEST/DE0/DE0_TOP/DE0_TOP.dpf                            ; --            ; --          ; --         ;
; MISC_FILE                           ; E:/DE0/DE0_TOP/DE0_TOP.dpf                                         ; --            ; --          ; --         ;
; MISC_FILE                           ; D:/project/TW/de0/trunk/cd/v.1.1/DE0_TOP_New/DE0_TOP.dpf           ; --            ; --          ; --         ;
; NOMINAL_CORE_SUPPLY_VOLTAGE         ; 1.2V                                                               ; --            ; --          ; --         ;
; PARTITION_COLOR                     ; 14622752                                                           ; --            ; --          ; Top        ;
; PARTITION_FITTER_PRESERVATION_LEVEL ; PLACEMENT_AND_ROUTING                                              ; --            ; --          ; Top        ;
; PARTITION_NETLIST_TYPE              ; POST_FIT                                                           ; --            ; --          ; Top        ;
; POWER_BOARD_THERMAL_MODEL           ; None (CONSERVATIVE)                                                ; --            ; --          ; --         ;
; POWER_PRESET_COOLING_SOLUTION       ; 23 MM HEAT SINK WITH 200 LFPM AIRFLOW                              ; --            ; --          ; --         ;
; SEARCH_PATH                         ; .\qsys\de0qsys\synthesis                                           ; --            ; --          ; --         ;
; SEARCH_PATH                         ; .\qsys\de0qsys\synthesis\submodules                                ; --            ; --          ; --         ;
; SLD_FILE                            ; C:/Users/User/Desktop/TKU/verilog_test/signalTap_auto_stripped.stp ; --            ; --          ; --         ;
; SLD_NODE_CREATOR_ID                 ; 110                                                                ; --            ; --          ; pwm_led    ;
; SLD_NODE_ENTITY_NAME                ; sld_signaltap                                                      ; --            ; --          ; pwm_led    ;
; SLD_NODE_PARAMETER_ASSIGNMENT       ; SLD_NODE_INFO=805334528                                            ; --            ; --          ; pwm_led    ;
; SLD_NODE_PARAMETER_ASSIGNMENT       ; SLD_POWER_UP_TRIGGER=0                                             ; --            ; --          ; pwm_led    ;
; SLD_NODE_PARAMETER_ASSIGNMENT       ; SLD_STORAGE_QUALIFIER_INVERSION_MASK_LENGTH=0                      ; --            ; --          ; pwm_led    ;
; SLD_NODE_PARAMETER_ASSIGNMENT       ; SLD_ATTRIBUTE_MEM_MODE=OFF                                         ; --            ; --          ; pwm_led    ;
; SLD_NODE_PARAMETER_ASSIGNMENT       ; SLD_STATE_FLOW_USE_GENERATED=0                                     ; --            ; --          ; pwm_led    ;
; SLD_NODE_PARAMETER_ASSIGNMENT       ; SLD_STATE_BITS=11                                                  ; --            ; --          ; pwm_led    ;
; SLD_NODE_PARAMETER_ASSIGNMENT       ; SLD_BUFFER_FULL_STOP=1                                             ; --            ; --          ; pwm_led    ;
; SLD_NODE_PARAMETER_ASSIGNMENT       ; SLD_CURRENT_RESOURCE_WIDTH=1                                       ; --            ; --          ; pwm_led    ;
; SLD_NODE_PARAMETER_ASSIGNMENT       ; SLD_TRIGGER_LEVEL=1                                                ; --            ; --          ; pwm_led    ;
; SLD_NODE_PARAMETER_ASSIGNMENT       ; SLD_TRIGGER_IN_ENABLED=0                                           ; --            ; --          ; pwm_led    ;
; SLD_NODE_PARAMETER_ASSIGNMENT       ; SLD_ADVANCED_TRIGGER_ENTITY=basic,1,                               ; --            ; --          ; pwm_led    ;
; SLD_NODE_PARAMETER_ASSIGNMENT       ; SLD_TRIGGER_LEVEL_PIPELINE=1                                       ; --            ; --          ; pwm_led    ;
; SLD_NODE_PARAMETER_ASSIGNMENT       ; SLD_ENABLE_ADVANCED_TRIGGER=0                                      ; --            ; --          ; pwm_led    ;
; SLD_NODE_PARAMETER_ASSIGNMENT       ; SLD_DATA_BITS=5                                                    ; --            ; --          ; pwm_led    ;
; SLD_NODE_PARAMETER_ASSIGNMENT       ; SLD_TRIGGER_BITS=5                                                 ; --            ; --          ; pwm_led    ;
; SLD_NODE_PARAMETER_ASSIGNMENT       ; SLD_NODE_CRC_LOWORD=27537                                          ; --            ; --          ; pwm_led    ;
; SLD_NODE_PARAMETER_ASSIGNMENT       ; SLD_INVERSION_MASK=0000000000000000000000000000000000000           ; --            ; --          ; pwm_led    ;
; SLD_NODE_PARAMETER_ASSIGNMENT       ; SLD_INVERSION_MASK_LENGTH=37                                       ; --            ; --          ; pwm_led    ;
; SLD_NODE_PARAMETER_ASSIGNMENT       ; SLD_SEGMENT_SIZE=256                                               ; --            ; --          ; pwm_led    ;
; SLD_NODE_PARAMETER_ASSIGNMENT       ; SLD_NODE_CRC_HIWORD=42167                                          ; --            ; --          ; pwm_led    ;
; SLD_NODE_PARAMETER_ASSIGNMENT       ; SLD_SAMPLE_DEPTH=256                                               ; --            ; --          ; pwm_led    ;
; USE_GENERATED_PHYSICAL_CONSTRAINTS  ; Off                                                                ; --            ; --          ; eda_palace ;
; USE_SIGNALTAP_FILE                  ; signalTap.stp                                                      ; --            ; --          ; --         ;
+-------------------------------------+--------------------------------------------------------------------+---------------+-------------+------------+


+-------------------------------------------------------------------------------------------------------------------------------+
; Flow Elapsed Time                                                                                                             ;
+---------------------------+--------------+-------------------------+---------------------+------------------------------------+
; Module Name               ; Elapsed Time ; Average Processors Used ; Peak Virtual Memory ; Total CPU Time (on all processors) ;
+---------------------------+--------------+-------------------------+---------------------+------------------------------------+
; Analysis & Synthesis      ; 00:00:48     ; 1.0                     ; 4871 MB             ; 00:00:44                           ;
; Partition Merge           ; 00:00:03     ; 1.0                     ; 4651 MB             ; 00:00:02                           ;
; Fitter                    ; 00:00:23     ; 1.3                     ; 5406 MB             ; 00:00:28                           ;
; Assembler                 ; 00:00:01     ; 1.0                     ; 4591 MB             ; 00:00:02                           ;
; TimeQuest Timing Analyzer ; 00:00:06     ; 1.0                     ; 4740 MB             ; 00:00:06                           ;
; Analysis & Synthesis      ; 00:00:27     ; 1.0                     ; 4906 MB             ; 00:00:25                           ;
; Partition Merge           ; 00:00:02     ; 1.0                     ; 4667 MB             ; 00:00:02                           ;
; Fitter                    ; 00:00:24     ; 1.3                     ; 5404 MB             ; 00:00:29                           ;
; Assembler                 ; 00:00:01     ; 1.0                     ; 4599 MB             ; 00:00:01                           ;
; TimeQuest Timing Analyzer ; 00:00:05     ; 1.0                     ; 4748 MB             ; 00:00:04                           ;
; Analysis & Synthesis      ; 00:00:10     ; 1.0                     ; 4839 MB             ; 00:00:08                           ;
; Partition Merge           ; 00:00:02     ; 1.0                     ; 4673 MB             ; 00:00:02                           ;
; Fitter                    ; 00:00:13     ; 1.3                     ; 5383 MB             ; 00:00:13                           ;
; Assembler                 ; 00:00:02     ; 1.0                     ; 4580 MB             ; 00:00:01                           ;
; TimeQuest Timing Analyzer ; 00:00:04     ; 2.0                     ; 4750 MB             ; 00:00:04                           ;
; Analysis & Synthesis      ; 00:00:21     ; 1.0                     ; 4879 MB             ; 00:00:19                           ;
; Partition Merge           ; 00:00:01     ; 1.0                     ; 4662 MB             ; 00:00:02                           ;
; Fitter                    ; 00:00:17     ; 1.4                     ; 5429 MB             ; 00:00:20                           ;
; Assembler                 ; 00:00:01     ; 1.0                     ; 4595 MB             ; 00:00:01                           ;
; TimeQuest Timing Analyzer ; 00:00:04     ; 1.0                     ; 4744 MB             ; 00:00:04                           ;
; Analysis & Synthesis      ; 00:00:21     ; 1.0                     ; 4887 MB             ; 00:00:19                           ;
; Partition Merge           ; 00:00:02     ; 1.0                     ; 4667 MB             ; 00:00:02                           ;
; Fitter                    ; 00:00:16     ; 1.6                     ; 5429 MB             ; 00:00:20                           ;
; Assembler                 ; 00:00:02     ; 1.0                     ; 4595 MB             ; 00:00:01                           ;
; TimeQuest Timing Analyzer ; 00:00:03     ; 1.0                     ; 4751 MB             ; 00:00:04                           ;
; Analysis & Synthesis      ; 00:00:24     ; 1.0                     ; 4895 MB             ; 00:00:22                           ;
; Partition Merge           ; 00:00:02     ; 1.0                     ; 4667 MB             ; 00:00:02                           ;
; Fitter                    ; 00:00:18     ; 1.5                     ; 5428 MB             ; 00:00:23                           ;
; Assembler                 ; 00:00:01     ; 1.0                     ; 4599 MB             ; 00:00:01                           ;
; TimeQuest Timing Analyzer ; 00:00:04     ; 1.0                     ; 4750 MB             ; 00:00:04                           ;
; Analysis & Synthesis      ; 00:00:25     ; 1.0                     ; 4895 MB             ; 00:00:23                           ;
; Partition Merge           ; 00:00:03     ; 1.0                     ; 4667 MB             ; 00:00:02                           ;
; Fitter                    ; 00:00:21     ; 1.3                     ; 5426 MB             ; 00:00:26                           ;
; Assembler                 ; 00:00:02     ; 1.0                     ; 4595 MB             ; 00:00:02                           ;
; TimeQuest Timing Analyzer ; 00:00:05     ; 1.0                     ; 4750 MB             ; 00:00:06                           ;
; Analysis & Synthesis      ; 00:00:27     ; 1.0                     ; 4895 MB             ; 00:00:26                           ;
; Partition Merge           ; 00:00:02     ; 1.0                     ; 4667 MB             ; 00:00:02                           ;
; Fitter                    ; 00:00:17     ; 1.7                     ; 5429 MB             ; 00:00:21                           ;
; Assembler                 ; 00:00:01     ; 1.0                     ; 4591 MB             ; 00:00:01                           ;
; TimeQuest Timing Analyzer ; 00:00:05     ; 1.0                     ; 4740 MB             ; 00:00:05                           ;
; Analysis & Synthesis      ; 00:00:21     ; 1.0                     ; 4899 MB             ; 00:00:19                           ;
; Partition Merge           ; 00:00:02     ; 1.0                     ; 4667 MB             ; 00:00:02                           ;
; Fitter                    ; 00:00:16     ; 1.4                     ; 5432 MB             ; 00:00:19                           ;
; Assembler                 ; 00:00:01     ; 1.0                     ; 4595 MB             ; 00:00:01                           ;
; TimeQuest Timing Analyzer ; 00:00:04     ; 2.0                     ; 4744 MB             ; 00:00:04                           ;
; Analysis & Synthesis      ; 00:00:10     ; 1.0                     ; 4849 MB             ; 00:00:09                           ;
; Partition Merge           ; 00:00:02     ; 1.0                     ; 4674 MB             ; 00:00:02                           ;
; Fitter                    ; 00:00:12     ; 1.3                     ; 5383 MB             ; 00:00:13                           ;
; Assembler                 ; 00:00:02     ; 1.0                     ; 4584 MB             ; 00:00:01                           ;
; TimeQuest Timing Analyzer ; 00:00:04     ; 1.0                     ; 4740 MB             ; 00:00:04                           ;
; Analysis & Synthesis      ; 00:00:21     ; 1.0                     ; 4887 MB             ; 00:00:19                           ;
; Partition Merge           ; 00:00:02     ; 1.0                     ; 4667 MB             ; 00:00:02                           ;
; Fitter                    ; 00:00:16     ; 1.2                     ; 5432 MB             ; 00:00:20                           ;
; Assembler                 ; 00:00:01     ; 1.0                     ; 4599 MB             ; 00:00:01                           ;
; TimeQuest Timing Analyzer ; 00:00:04     ; 1.0                     ; 4751 MB             ; 00:00:04                           ;
; Analysis & Synthesis      ; 00:00:21     ; 1.0                     ; 4891 MB             ; 00:00:19                           ;
; Partition Merge           ; 00:00:02     ; 1.0                     ; 4662 MB             ; 00:00:02                           ;
; Fitter                    ; 00:00:16     ; 1.6                     ; 5429 MB             ; 00:00:20                           ;
; Assembler                 ; 00:00:01     ; 1.0                     ; 4595 MB             ; 00:00:01                           ;
; TimeQuest Timing Analyzer ; 00:00:04     ; 1.0                     ; 4748 MB             ; 00:00:04                           ;
; Analysis & Synthesis      ; 00:00:12     ; 1.0                     ; 4850 MB             ; 00:00:09                           ;
; Partition Merge           ; 00:00:02     ; 1.0                     ; 4678 MB             ; 00:00:02                           ;
; Fitter                    ; 00:00:14     ; 1.0                     ; 5374 MB             ; 00:00:14                           ;
; Assembler                 ; 00:00:01     ; 1.0                     ; 4584 MB             ; 00:00:01                           ;
; TimeQuest Timing Analyzer ; 00:00:04     ; 1.0                     ; 4744 MB             ; 00:00:04                           ;
; Analysis & Synthesis      ; 00:00:29     ; 1.0                     ; 4899 MB             ; 00:00:27                           ;
; Partition Merge           ; 00:00:02     ; 1.0                     ; 4667 MB             ; 00:00:02                           ;
; Fitter                    ; 00:00:21     ; 1.3                     ; 5427 MB             ; 00:00:27                           ;
; Assembler                 ; 00:00:01     ; 1.0                     ; 4599 MB             ; 00:00:01                           ;
; TimeQuest Timing Analyzer ; 00:00:05     ; 1.0                     ; 4747 MB             ; 00:00:05                           ;
; Analysis & Synthesis      ; 00:00:21     ; 1.0                     ; 4891 MB             ; 00:00:20                           ;
; Partition Merge           ; 00:00:01     ; 1.0                     ; 4662 MB             ; 00:00:02                           ;
; Fitter                    ; 00:00:16     ; 1.4                     ; 5424 MB             ; 00:00:20                           ;
; Assembler                 ; 00:00:01     ; 1.0                     ; 4599 MB             ; 00:00:01                           ;
; TimeQuest Timing Analyzer ; 00:00:03     ; 1.0                     ; 4748 MB             ; 00:00:04                           ;
; Analysis & Synthesis      ; 00:00:20     ; 1.0                     ; 4891 MB             ; 00:00:19                           ;
; Partition Merge           ; 00:00:02     ; 1.0                     ; 4667 MB             ; 00:00:02                           ;
; Fitter                    ; 00:00:16     ; 1.4                     ; 5429 MB             ; 00:00:20                           ;
; Assembler                 ; 00:00:02     ; 1.0                     ; 4595 MB             ; 00:00:01                           ;
; TimeQuest Timing Analyzer ; 00:00:03     ; 1.0                     ; 4748 MB             ; 00:00:04                           ;
; Analysis & Synthesis      ; 00:00:01     ; 1.0                     ; 4590 MB             ; 00:00:01                           ;
; Analysis & Synthesis      ; 00:00:11     ; 1.0                     ; 4827 MB             ; 00:00:09                           ;
; Partition Merge           ; 00:00:03     ; 1.0                     ; 4678 MB             ; 00:00:02                           ;
; Fitter                    ; 00:00:14     ; 1.0                     ; 5383 MB             ; 00:00:14                           ;
; Assembler                 ; 00:00:01     ; 1.0                     ; 4584 MB             ; 00:00:01                           ;
; TimeQuest Timing Analyzer ; 00:00:04     ; 1.0                     ; 4745 MB             ; 00:00:04                           ;
; Total                     ; 00:13:08     ; --                      ; --                  ; 00:13:31                           ;
+---------------------------+--------------+-------------------------+---------------------+------------------------------------+


+----------------------------------------------------------------------------------------+
; Flow OS Summary                                                                        ;
+---------------------------+------------------+-----------+------------+----------------+
; Module Name               ; Machine Hostname ; OS Name   ; OS Version ; Processor type ;
+---------------------------+------------------+-----------+------------+----------------+
; Analysis & Synthesis      ; LAPTOP-K9DCEEEJ  ; Windows 7 ; 6.2        ; x86_64         ;
; Partition Merge           ; LAPTOP-K9DCEEEJ  ; Windows 7 ; 6.2        ; x86_64         ;
; Fitter                    ; LAPTOP-K9DCEEEJ  ; Windows 7 ; 6.2        ; x86_64         ;
; Assembler                 ; LAPTOP-K9DCEEEJ  ; Windows 7 ; 6.2        ; x86_64         ;
; TimeQuest Timing Analyzer ; LAPTOP-K9DCEEEJ  ; Windows 7 ; 6.2        ; x86_64         ;
; Analysis & Synthesis      ; LAPTOP-K9DCEEEJ  ; Windows 7 ; 6.2        ; x86_64         ;
; Partition Merge           ; LAPTOP-K9DCEEEJ  ; Windows 7 ; 6.2        ; x86_64         ;
; Fitter                    ; LAPTOP-K9DCEEEJ  ; Windows 7 ; 6.2        ; x86_64         ;
; Assembler                 ; LAPTOP-K9DCEEEJ  ; Windows 7 ; 6.2        ; x86_64         ;
; TimeQuest Timing Analyzer ; LAPTOP-K9DCEEEJ  ; Windows 7 ; 6.2        ; x86_64         ;
; Analysis & Synthesis      ; LAPTOP-K9DCEEEJ  ; Windows 7 ; 6.2        ; x86_64         ;
; Partition Merge           ; LAPTOP-K9DCEEEJ  ; Windows 7 ; 6.2        ; x86_64         ;
; Fitter                    ; LAPTOP-K9DCEEEJ  ; Windows 7 ; 6.2        ; x86_64         ;
; Assembler                 ; LAPTOP-K9DCEEEJ  ; Windows 7 ; 6.2        ; x86_64         ;
; TimeQuest Timing Analyzer ; LAPTOP-K9DCEEEJ  ; Windows 7 ; 6.2        ; x86_64         ;
; Analysis & Synthesis      ; LAPTOP-K9DCEEEJ  ; Windows 7 ; 6.2        ; x86_64         ;
; Partition Merge           ; LAPTOP-K9DCEEEJ  ; Windows 7 ; 6.2        ; x86_64         ;
; Fitter                    ; LAPTOP-K9DCEEEJ  ; Windows 7 ; 6.2        ; x86_64         ;
; Assembler                 ; LAPTOP-K9DCEEEJ  ; Windows 7 ; 6.2        ; x86_64         ;
; TimeQuest Timing Analyzer ; LAPTOP-K9DCEEEJ  ; Windows 7 ; 6.2        ; x86_64         ;
; Analysis & Synthesis      ; LAPTOP-K9DCEEEJ  ; Windows 7 ; 6.2        ; x86_64         ;
; Partition Merge           ; LAPTOP-K9DCEEEJ  ; Windows 7 ; 6.2        ; x86_64         ;
; Fitter                    ; LAPTOP-K9DCEEEJ  ; Windows 7 ; 6.2        ; x86_64         ;
; Assembler                 ; LAPTOP-K9DCEEEJ  ; Windows 7 ; 6.2        ; x86_64         ;
; TimeQuest Timing Analyzer ; LAPTOP-K9DCEEEJ  ; Windows 7 ; 6.2        ; x86_64         ;
; Analysis & Synthesis      ; LAPTOP-K9DCEEEJ  ; Windows 7 ; 6.2        ; x86_64         ;
; Partition Merge           ; LAPTOP-K9DCEEEJ  ; Windows 7 ; 6.2        ; x86_64         ;
; Fitter                    ; LAPTOP-K9DCEEEJ  ; Windows 7 ; 6.2        ; x86_64         ;
; Assembler                 ; LAPTOP-K9DCEEEJ  ; Windows 7 ; 6.2        ; x86_64         ;
; TimeQuest Timing Analyzer ; LAPTOP-K9DCEEEJ  ; Windows 7 ; 6.2        ; x86_64         ;
; Analysis & Synthesis      ; LAPTOP-K9DCEEEJ  ; Windows 7 ; 6.2        ; x86_64         ;
; Partition Merge           ; LAPTOP-K9DCEEEJ  ; Windows 7 ; 6.2        ; x86_64         ;
; Fitter                    ; LAPTOP-K9DCEEEJ  ; Windows 7 ; 6.2        ; x86_64         ;
; Assembler                 ; LAPTOP-K9DCEEEJ  ; Windows 7 ; 6.2        ; x86_64         ;
; TimeQuest Timing Analyzer ; LAPTOP-K9DCEEEJ  ; Windows 7 ; 6.2        ; x86_64         ;
; Analysis & Synthesis      ; LAPTOP-K9DCEEEJ  ; Windows 7 ; 6.2        ; x86_64         ;
; Partition Merge           ; LAPTOP-K9DCEEEJ  ; Windows 7 ; 6.2        ; x86_64         ;
; Fitter                    ; LAPTOP-K9DCEEEJ  ; Windows 7 ; 6.2        ; x86_64         ;
; Assembler                 ; LAPTOP-K9DCEEEJ  ; Windows 7 ; 6.2        ; x86_64         ;
; TimeQuest Timing Analyzer ; LAPTOP-K9DCEEEJ  ; Windows 7 ; 6.2        ; x86_64         ;
; Analysis & Synthesis      ; LAPTOP-K9DCEEEJ  ; Windows 7 ; 6.2        ; x86_64         ;
; Partition Merge           ; LAPTOP-K9DCEEEJ  ; Windows 7 ; 6.2        ; x86_64         ;
; Fitter                    ; LAPTOP-K9DCEEEJ  ; Windows 7 ; 6.2        ; x86_64         ;
; Assembler                 ; LAPTOP-K9DCEEEJ  ; Windows 7 ; 6.2        ; x86_64         ;
; TimeQuest Timing Analyzer ; LAPTOP-K9DCEEEJ  ; Windows 7 ; 6.2        ; x86_64         ;
; Analysis & Synthesis      ; LAPTOP-K9DCEEEJ  ; Windows 7 ; 6.2        ; x86_64         ;
; Partition Merge           ; LAPTOP-K9DCEEEJ  ; Windows 7 ; 6.2        ; x86_64         ;
; Fitter                    ; LAPTOP-K9DCEEEJ  ; Windows 7 ; 6.2        ; x86_64         ;
; Assembler                 ; LAPTOP-K9DCEEEJ  ; Windows 7 ; 6.2        ; x86_64         ;
; TimeQuest Timing Analyzer ; LAPTOP-K9DCEEEJ  ; Windows 7 ; 6.2        ; x86_64         ;
; Analysis & Synthesis      ; LAPTOP-K9DCEEEJ  ; Windows 7 ; 6.2        ; x86_64         ;
; Partition Merge           ; LAPTOP-K9DCEEEJ  ; Windows 7 ; 6.2        ; x86_64         ;
; Fitter                    ; LAPTOP-K9DCEEEJ  ; Windows 7 ; 6.2        ; x86_64         ;
; Assembler                 ; LAPTOP-K9DCEEEJ  ; Windows 7 ; 6.2        ; x86_64         ;
; TimeQuest Timing Analyzer ; LAPTOP-K9DCEEEJ  ; Windows 7 ; 6.2        ; x86_64         ;
; Analysis & Synthesis      ; LAPTOP-K9DCEEEJ  ; Windows 7 ; 6.2        ; x86_64         ;
; Partition Merge           ; LAPTOP-K9DCEEEJ  ; Windows 7 ; 6.2        ; x86_64         ;
; Fitter                    ; LAPTOP-K9DCEEEJ  ; Windows 7 ; 6.2        ; x86_64         ;
; Assembler                 ; LAPTOP-K9DCEEEJ  ; Windows 7 ; 6.2        ; x86_64         ;
; TimeQuest Timing Analyzer ; LAPTOP-K9DCEEEJ  ; Windows 7 ; 6.2        ; x86_64         ;
; Analysis & Synthesis      ; LAPTOP-K9DCEEEJ  ; Windows 7 ; 6.2        ; x86_64         ;
; Partition Merge           ; LAPTOP-K9DCEEEJ  ; Windows 7 ; 6.2        ; x86_64         ;
; Fitter                    ; LAPTOP-K9DCEEEJ  ; Windows 7 ; 6.2        ; x86_64         ;
; Assembler                 ; LAPTOP-K9DCEEEJ  ; Windows 7 ; 6.2        ; x86_64         ;
; TimeQuest Timing Analyzer ; LAPTOP-K9DCEEEJ  ; Windows 7 ; 6.2        ; x86_64         ;
; Analysis & Synthesis      ; LAPTOP-K9DCEEEJ  ; Windows 7 ; 6.2        ; x86_64         ;
; Partition Merge           ; LAPTOP-K9DCEEEJ  ; Windows 7 ; 6.2        ; x86_64         ;
; Fitter                    ; LAPTOP-K9DCEEEJ  ; Windows 7 ; 6.2        ; x86_64         ;
; Assembler                 ; LAPTOP-K9DCEEEJ  ; Windows 7 ; 6.2        ; x86_64         ;
; TimeQuest Timing Analyzer ; LAPTOP-K9DCEEEJ  ; Windows 7 ; 6.2        ; x86_64         ;
; Analysis & Synthesis      ; LAPTOP-K9DCEEEJ  ; Windows 7 ; 6.2        ; x86_64         ;
; Partition Merge           ; LAPTOP-K9DCEEEJ  ; Windows 7 ; 6.2        ; x86_64         ;
; Fitter                    ; LAPTOP-K9DCEEEJ  ; Windows 7 ; 6.2        ; x86_64         ;
; Assembler                 ; LAPTOP-K9DCEEEJ  ; Windows 7 ; 6.2        ; x86_64         ;
; TimeQuest Timing Analyzer ; LAPTOP-K9DCEEEJ  ; Windows 7 ; 6.2        ; x86_64         ;
; Analysis & Synthesis      ; LAPTOP-K9DCEEEJ  ; Windows 7 ; 6.2        ; x86_64         ;
; Partition Merge           ; LAPTOP-K9DCEEEJ  ; Windows 7 ; 6.2        ; x86_64         ;
; Fitter                    ; LAPTOP-K9DCEEEJ  ; Windows 7 ; 6.2        ; x86_64         ;
; Assembler                 ; LAPTOP-K9DCEEEJ  ; Windows 7 ; 6.2        ; x86_64         ;
; TimeQuest Timing Analyzer ; LAPTOP-K9DCEEEJ  ; Windows 7 ; 6.2        ; x86_64         ;
; Analysis & Synthesis      ; LAPTOP-K9DCEEEJ  ; Windows 7 ; 6.2        ; x86_64         ;
; Analysis & Synthesis      ; LAPTOP-K9DCEEEJ  ; Windows 7 ; 6.2        ; x86_64         ;
; Partition Merge           ; LAPTOP-K9DCEEEJ  ; Windows 7 ; 6.2        ; x86_64         ;
; Fitter                    ; LAPTOP-K9DCEEEJ  ; Windows 7 ; 6.2        ; x86_64         ;
; Assembler                 ; LAPTOP-K9DCEEEJ  ; Windows 7 ; 6.2        ; x86_64         ;
; TimeQuest Timing Analyzer ; LAPTOP-K9DCEEEJ  ; Windows 7 ; 6.2        ; x86_64         ;
+---------------------------+------------------+-----------+------------+----------------+


------------
; Flow Log ;
------------
quartus_map --read_settings_files=on --write_settings_files=off DE0_TOP -c DE0_TOP
quartus_cdb --read_settings_files=off --write_settings_files=off DE0_TOP -c DE0_TOP --merge=on
quartus_fit --read_settings_files=off --write_settings_files=off DE0_TOP -c DE0_TOP
quartus_asm --read_settings_files=off --write_settings_files=off DE0_TOP -c DE0_TOP
quartus_sta DE0_TOP -c DE0_TOP
quartus_map --read_settings_files=on --write_settings_files=off DE0_TOP -c DE0_TOP
quartus_cdb --read_settings_files=off --write_settings_files=off DE0_TOP -c DE0_TOP --merge=on
quartus_fit --read_settings_files=off --write_settings_files=off DE0_TOP -c DE0_TOP
quartus_asm --read_settings_files=off --write_settings_files=off DE0_TOP -c DE0_TOP
quartus_sta DE0_TOP -c DE0_TOP
quartus_map --read_settings_files=on --write_settings_files=off DE0_TOP -c DE0_TOP
quartus_cdb --read_settings_files=off --write_settings_files=off DE0_TOP -c DE0_TOP --merge=on
quartus_fit --read_settings_files=off --write_settings_files=off DE0_TOP -c DE0_TOP
quartus_asm --read_settings_files=off --write_settings_files=off DE0_TOP -c DE0_TOP
quartus_sta DE0_TOP -c DE0_TOP
quartus_map --read_settings_files=on --write_settings_files=off DE0_TOP -c DE0_TOP
quartus_cdb --read_settings_files=off --write_settings_files=off DE0_TOP -c DE0_TOP --merge=on
quartus_fit --read_settings_files=off --write_settings_files=off DE0_TOP -c DE0_TOP
quartus_asm --read_settings_files=off --write_settings_files=off DE0_TOP -c DE0_TOP
quartus_sta DE0_TOP -c DE0_TOP
quartus_map --read_settings_files=on --write_settings_files=off DE0_TOP -c DE0_TOP
quartus_cdb --read_settings_files=off --write_settings_files=off DE0_TOP -c DE0_TOP --merge=on
quartus_fit --read_settings_files=off --write_settings_files=off DE0_TOP -c DE0_TOP
quartus_asm --read_settings_files=off --write_settings_files=off DE0_TOP -c DE0_TOP
quartus_sta DE0_TOP -c DE0_TOP
quartus_map --read_settings_files=on --write_settings_files=off DE0_TOP -c DE0_TOP
quartus_cdb --read_settings_files=off --write_settings_files=off DE0_TOP -c DE0_TOP --merge=on
quartus_fit --read_settings_files=off --write_settings_files=off DE0_TOP -c DE0_TOP
quartus_asm --read_settings_files=off --write_settings_files=off DE0_TOP -c DE0_TOP
quartus_sta DE0_TOP -c DE0_TOP
quartus_map --read_settings_files=on --write_settings_files=off DE0_TOP -c DE0_TOP
quartus_cdb --read_settings_files=off --write_settings_files=off DE0_TOP -c DE0_TOP --merge=on
quartus_fit --read_settings_files=off --write_settings_files=off DE0_TOP -c DE0_TOP
quartus_asm --read_settings_files=off --write_settings_files=off DE0_TOP -c DE0_TOP
quartus_sta DE0_TOP -c DE0_TOP
quartus_map --read_settings_files=on --write_settings_files=off DE0_TOP -c DE0_TOP
quartus_cdb --read_settings_files=off --write_settings_files=off DE0_TOP -c DE0_TOP --merge=on
quartus_fit --read_settings_files=off --write_settings_files=off DE0_TOP -c DE0_TOP
quartus_asm --read_settings_files=off --write_settings_files=off DE0_TOP -c DE0_TOP
quartus_sta DE0_TOP -c DE0_TOP
quartus_map --read_settings_files=on --write_settings_files=off DE0_TOP -c DE0_TOP
quartus_cdb --read_settings_files=off --write_settings_files=off DE0_TOP -c DE0_TOP --merge=on
quartus_fit --read_settings_files=off --write_settings_files=off DE0_TOP -c DE0_TOP
quartus_asm --read_settings_files=off --write_settings_files=off DE0_TOP -c DE0_TOP
quartus_sta DE0_TOP -c DE0_TOP
quartus_map --read_settings_files=on --write_settings_files=off DE0_TOP -c DE0_TOP
quartus_cdb --read_settings_files=off --write_settings_files=off DE0_TOP -c DE0_TOP --merge=on
quartus_fit --read_settings_files=off --write_settings_files=off DE0_TOP -c DE0_TOP
quartus_asm --read_settings_files=off --write_settings_files=off DE0_TOP -c DE0_TOP
quartus_sta DE0_TOP -c DE0_TOP
quartus_map --read_settings_files=on --write_settings_files=off DE0_TOP -c DE0_TOP
quartus_cdb --read_settings_files=off --write_settings_files=off DE0_TOP -c DE0_TOP --merge=on
quartus_fit --read_settings_files=off --write_settings_files=off DE0_TOP -c DE0_TOP
quartus_asm --read_settings_files=off --write_settings_files=off DE0_TOP -c DE0_TOP
quartus_sta DE0_TOP -c DE0_TOP
quartus_map --read_settings_files=on --write_settings_files=off DE0_TOP -c DE0_TOP
quartus_cdb --read_settings_files=off --write_settings_files=off DE0_TOP -c DE0_TOP --merge=on
quartus_fit --read_settings_files=off --write_settings_files=off DE0_TOP -c DE0_TOP
quartus_asm --read_settings_files=off --write_settings_files=off DE0_TOP -c DE0_TOP
quartus_sta DE0_TOP -c DE0_TOP
quartus_map --read_settings_files=on --write_settings_files=off DE0_TOP -c DE0_TOP
quartus_cdb --read_settings_files=off --write_settings_files=off DE0_TOP -c DE0_TOP --merge=on
quartus_fit --read_settings_files=off --write_settings_files=off DE0_TOP -c DE0_TOP
quartus_asm --read_settings_files=off --write_settings_files=off DE0_TOP -c DE0_TOP
quartus_sta DE0_TOP -c DE0_TOP
quartus_map --read_settings_files=on --write_settings_files=off DE0_TOP -c DE0_TOP
quartus_cdb --read_settings_files=off --write_settings_files=off DE0_TOP -c DE0_TOP --merge=on
quartus_fit --read_settings_files=off --write_settings_files=off DE0_TOP -c DE0_TOP
quartus_asm --read_settings_files=off --write_settings_files=off DE0_TOP -c DE0_TOP
quartus_sta DE0_TOP -c DE0_TOP
quartus_map --read_settings_files=on --write_settings_files=off DE0_TOP -c DE0_TOP
quartus_cdb --read_settings_files=off --write_settings_files=off DE0_TOP -c DE0_TOP --merge=on
quartus_fit --read_settings_files=off --write_settings_files=off DE0_TOP -c DE0_TOP
quartus_asm --read_settings_files=off --write_settings_files=off DE0_TOP -c DE0_TOP
quartus_sta DE0_TOP -c DE0_TOP
quartus_map --read_settings_files=on --write_settings_files=off DE0_TOP -c DE0_TOP
quartus_cdb --read_settings_files=off --write_settings_files=off DE0_TOP -c DE0_TOP --merge=on
quartus_fit --read_settings_files=off --write_settings_files=off DE0_TOP -c DE0_TOP
quartus_asm --read_settings_files=off --write_settings_files=off DE0_TOP -c DE0_TOP
quartus_sta DE0_TOP -c DE0_TOP
quartus_map --read_settings_files=on --write_settings_files=off DE0_TOP -c DE0_TOP
quartus_map --read_settings_files=on --write_settings_files=off DE0_TOP -c DE0_TOP
quartus_cdb --read_settings_files=off --write_settings_files=off DE0_TOP -c DE0_TOP --merge=on
quartus_fit --read_settings_files=off --write_settings_files=off DE0_TOP -c DE0_TOP
quartus_asm --read_settings_files=off --write_settings_files=off DE0_TOP -c DE0_TOP
quartus_sta DE0_TOP -c DE0_TOP



